<?xml version="1.0" encoding="UTF-8"?>
<!-- Generated by org.testng.reporters.JUnitXMLReporter -->
<testsuite ignored="0" hostname="Itctesting08" failures="0" tests="3" name="Default test" time="16.736" errors="0" timestamp="2022-07-08T13:59:28 GMT+05:30">
  <testcase classname="TestNGDataPro.Booking" name="booking3" time="0.709"/>
  <testcase classname="TestNGDataPro.Booking" name="booking3" time="0.672"/>
  <testcase classname="TestNGDataPro.Booking" name="booking3" time="0.716"/>
</testsuite> <!-- Default test -->
