<?xml version="1.0" encoding="UTF-8"?>
<testng-results ignored="0" total="3" passed="3" failed="0" skipped="0">
  <reporter-output>
  </reporter-output>
  <suite started-at="2022-07-08T13:59:12 GMT+05:30" name="Default suite" finished-at="2022-07-08T13:59:28 GMT+05:30" duration-ms="16736">
    <groups>
    </groups>
    <test started-at="2022-07-08T13:59:12 GMT+05:30" name="Default test" finished-at="2022-07-08T13:59:28 GMT+05:30" duration-ms="16736">
      <class name="TestNGDataPro.Booking">
        <test-method is-config="true" signature="beforeMethod()[pri:0, instance:TestNGDataPro.Booking@5a45133e]" started-at="2022-07-08T13:59:13 GMT+05:30" name="beforeMethod" finished-at="2022-07-08T13:59:18 GMT+05:30" duration-ms="5137" status="PASS">
          <reporter-output>
          </reporter-output>
        </test-method> <!-- beforeMethod -->
        <test-method signature="booking3(java.lang.String,java.lang.String,java.lang.String,java.lang.String)[pri:0, instance:TestNGDataPro.Booking@5a45133e]" started-at="2022-07-08T13:59:18 GMT+05:30" name="booking3" data-provider="getData" finished-at="2022-07-08T13:59:19 GMT+05:30" duration-ms="709" status="PASS">
          <params>
            <param index="0">
              <value>
                <![CDATA[Apoo]]>
              </value>
            </param>
            <param index="1">
              <value>
                <![CDATA[Nataraj]]>
              </value>
            </param>
            <param index="2">
              <value>
                <![CDATA[03/08/5881510]]>
              </value>
            </param>
            <param index="3">
              <value>
                <![CDATA[apoo@789]]>
              </value>
            </param>
          </params>
          <reporter-output>
          </reporter-output>
        </test-method> <!-- booking3 -->
        <test-method is-config="true" signature="afterMethod()[pri:0, instance:TestNGDataPro.Booking@5a45133e]" started-at="2022-07-08T13:59:19 GMT+05:30" name="afterMethod" finished-at="2022-07-08T13:59:19 GMT+05:30" duration-ms="653" status="PASS">
          <reporter-output>
          </reporter-output>
        </test-method> <!-- afterMethod -->
        <test-method is-config="true" signature="beforeMethod()[pri:0, instance:TestNGDataPro.Booking@5a45133e]" started-at="2022-07-08T13:59:19 GMT+05:30" name="beforeMethod" finished-at="2022-07-08T13:59:22 GMT+05:30" duration-ms="3182" status="PASS">
          <reporter-output>
          </reporter-output>
        </test-method> <!-- beforeMethod -->
        <test-method signature="booking3(java.lang.String,java.lang.String,java.lang.String,java.lang.String)[pri:0, instance:TestNGDataPro.Booking@5a45133e]" started-at="2022-07-08T13:59:22 GMT+05:30" name="booking3" data-provider="getData" finished-at="2022-07-08T13:59:23 GMT+05:30" duration-ms="672" status="PASS">
          <params>
            <param index="0">
              <value>
                <![CDATA[Apoo]]>
              </value>
            </param>
            <param index="1">
              <value>
                <![CDATA[rva]]>
              </value>
            </param>
            <param index="2">
              <value>
                <![CDATA[676]]>
              </value>
            </param>
            <param index="3">
              <value>
                <![CDATA[Apoo@234.com]]>
              </value>
            </param>
          </params>
          <reporter-output>
          </reporter-output>
        </test-method> <!-- booking3 -->
        <test-method is-config="true" signature="afterMethod()[pri:0, instance:TestNGDataPro.Booking@5a45133e]" started-at="2022-07-08T13:59:23 GMT+05:30" name="afterMethod" finished-at="2022-07-08T13:59:24 GMT+05:30" duration-ms="620" status="PASS">
          <reporter-output>
          </reporter-output>
        </test-method> <!-- afterMethod -->
        <test-method is-config="true" signature="beforeMethod()[pri:0, instance:TestNGDataPro.Booking@5a45133e]" started-at="2022-07-08T13:59:24 GMT+05:30" name="beforeMethod" finished-at="2022-07-08T13:59:27 GMT+05:30" duration-ms="3230" status="PASS">
          <reporter-output>
          </reporter-output>
        </test-method> <!-- beforeMethod -->
        <test-method signature="booking3(java.lang.String,java.lang.String,java.lang.String,java.lang.String)[pri:0, instance:TestNGDataPro.Booking@5a45133e]" started-at="2022-07-08T13:59:27 GMT+05:30" name="booking3" data-provider="getData" finished-at="2022-07-08T13:59:28 GMT+05:30" duration-ms="716" status="PASS">
          <params>
            <param index="0">
              <value>
                <![CDATA[punu]]>
              </value>
            </param>
            <param index="1">
              <value>
                <![CDATA[nataraj]]>
              </value>
            </param>
            <param index="2">
              <value>
                <![CDATA[6754565656]]>
              </value>
            </param>
            <param index="3">
              <value>
                <![CDATA[punu@123.com]]>
              </value>
            </param>
          </params>
          <reporter-output>
          </reporter-output>
        </test-method> <!-- booking3 -->
        <test-method is-config="true" signature="afterMethod()[pri:0, instance:TestNGDataPro.Booking@5a45133e]" started-at="2022-07-08T13:59:28 GMT+05:30" name="afterMethod" finished-at="2022-07-08T13:59:28 GMT+05:30" duration-ms="598" status="PASS">
          <reporter-output>
          </reporter-output>
        </test-method> <!-- afterMethod -->
      </class> <!-- TestNGDataPro.Booking -->
    </test> <!-- Default test -->
  </suite> <!-- Default suite -->
</testng-results>
